  Source.cpp
C:\Program Files (x86)\Windows Kits\10\Include\10.0.18362.0\shared\minwindef.h(130,1): warning C4005:  'APIENTRY': macro redefinition
C:\Users\sergio\source\repos\game engine\sources\glad\include\glad\glad.h(32): message :  see previous definition of 'APIENTRY'
C:\Users\sergio\source\repos\game engine\shader_m.h(44,34): warning C4101:  'e': unreferenced local variable
C:\Users\sergio\source\repos\game engine\camera.h(100,11): warning C4244:  '=': conversion from 'int' to 'float', possible loss of data
C:\Users\sergio\source\repos\game engine\camera.h(101,12): warning C4244:  '=': conversion from 'int' to 'float', possible loss of data
C:\Users\sergio\source\repos\game engine\camera.h(136,1): warning C4244:  '-=': conversion from 'double' to 'float', possible loss of data
C:\Users\sergio\source\repos\game engine\camera.h(137,1): warning C4244:  '-=': conversion from 'double' to 'float', possible loss of data
C:\Users\sergio\source\repos\game engine\camera.h(174,1): warning C4244:  '-=': conversion from 'double' to 'float', possible loss of data
C:\Users\sergio\source\repos\game engine\camera.h(216,1): warning C4244:  '+=': conversion from 'double' to 'T', possible loss of data
C:\Users\sergio\source\repos\game engine\camera.h(216,1): warning C4244:         with
C:\Users\sergio\source\repos\game engine\camera.h(216,1): warning C4244:         [
C:\Users\sergio\source\repos\game engine\camera.h(216,1): warning C4244:             T=float
C:\Users\sergio\source\repos\game engine\camera.h(216,1): warning C4244:         ]
C:\Users\sergio\source\repos\game engine\camera.h(217,1): warning C4244:  '-=': conversion from 'double' to 'T', possible loss of data
C:\Users\sergio\source\repos\game engine\camera.h(217,1): warning C4244:         with
C:\Users\sergio\source\repos\game engine\camera.h(217,1): warning C4244:         [
C:\Users\sergio\source\repos\game engine\camera.h(217,1): warning C4244:             T=float
C:\Users\sergio\source\repos\game engine\camera.h(217,1): warning C4244:         ]
C:\Users\sergio\source\repos\game engine\camera.h(219,1): warning C4244:  '-=': conversion from 'double' to 'T', possible loss of data
C:\Users\sergio\source\repos\game engine\camera.h(219,1): warning C4244:         with
C:\Users\sergio\source\repos\game engine\camera.h(219,1): warning C4244:         [
C:\Users\sergio\source\repos\game engine\camera.h(219,1): warning C4244:             T=float
C:\Users\sergio\source\repos\game engine\camera.h(219,1): warning C4244:         ]
C:\Users\sergio\source\repos\game engine\camera.h(220,1): warning C4244:  '-=': conversion from 'double' to 'T', possible loss of data
C:\Users\sergio\source\repos\game engine\camera.h(220,1): warning C4244:         with
C:\Users\sergio\source\repos\game engine\camera.h(220,1): warning C4244:         [
C:\Users\sergio\source\repos\game engine\camera.h(220,1): warning C4244:             T=float
C:\Users\sergio\source\repos\game engine\camera.h(220,1): warning C4244:         ]
C:\Users\sergio\source\repos\game engine\camera.h(222,1): warning C4244:  '-=': conversion from 'double' to 'T', possible loss of data
C:\Users\sergio\source\repos\game engine\camera.h(222,1): warning C4244:         with
C:\Users\sergio\source\repos\game engine\camera.h(222,1): warning C4244:         [
C:\Users\sergio\source\repos\game engine\camera.h(222,1): warning C4244:             T=float
C:\Users\sergio\source\repos\game engine\camera.h(222,1): warning C4244:         ]
C:\Users\sergio\source\repos\game engine\camera.h(264,1): warning C4305:  '=': truncation from 'double' to 'float'
C:\Users\sergio\source\repos\game engine\camera.h(266,1): warning C4305:  '=': truncation from 'double' to 'float'
C:\Users\sergio\source\repos\game engine\camera.h(269,31): warning C4244:  'argument': conversion from 'float' to 'int', possible loss of data
C:\Users\sergio\source\repos\game engine\camera.h(269,24): warning C4244:  'argument': conversion from 'float' to 'int', possible loss of data
C:\Users\sergio\source\repos\game engine\camera.h(275,1): warning C4305:  '=': truncation from 'double' to 'float'
C:\Users\sergio\source\repos\game engine\camera.h(278,1): warning C4305:  '=': truncation from 'double' to 'float'
C:\Users\sergio\source\repos\game engine\camera.h(281,31): warning C4244:  'argument': conversion from 'float' to 'int', possible loss of data
C:\Users\sergio\source\repos\game engine\camera.h(281,24): warning C4244:  'argument': conversion from 'float' to 'int', possible loss of data
C:\Users\sergio\source\repos\game engine\camera.h(290,1): warning C4305:  '=': truncation from 'double' to 'float'
C:\Users\sergio\source\repos\game engine\camera.h(293,32): warning C4244:  'argument': conversion from 'float' to 'int', possible loss of data
C:\Users\sergio\source\repos\game engine\camera.h(293,25): warning C4244:  'argument': conversion from 'float' to 'int', possible loss of data
C:\Users\sergio\source\repos\game engine\Lights.h(44,1): warning C4267:  '=': conversion from 'size_t' to 'int', possible loss of data
C:\Users\sergio\source\repos\game engine\LineRenderer.h(52,68): warning C4244:  'argument': conversion from 'int' to 'T', possible loss of data
C:\Users\sergio\source\repos\game engine\LineRenderer.h(52,68): warning C4244:         with
C:\Users\sergio\source\repos\game engine\LineRenderer.h(52,68): warning C4244:         [
C:\Users\sergio\source\repos\game engine\LineRenderer.h(52,68): warning C4244:             T=float
C:\Users\sergio\source\repos\game engine\LineRenderer.h(52,68): warning C4244:         ]
C:\Users\sergio\source\repos\game engine\AnimationData.h(101,14): warning C4244:  'initializing': conversion from 'unsigned __int64' to 'float', possible loss of data
C:\Users\sergio\source\repos\game engine\AnimationData.h(155,1): warning C4267:  'initializing': conversion from 'size_t' to 'int', possible loss of data
C:\Users\sergio\source\repos\game engine\AnimationData.h(164,3): warning C4018:  '<': signed/unsigned mismatch
C:\Users\sergio\source\repos\game engine\mesh.h(163,34): warning C4244:  'argument': conversion from 'double' to 'float', possible loss of data
C:\Users\sergio\source\repos\game engine\mesh.h(177,1): warning C4267:  'argument': conversion from 'size_t' to 'GLsizei', possible loss of data
C:\Users\sergio\source\repos\game engine\mesh.h(180,1): warning C4267:  'argument': conversion from 'size_t' to 'GLsizei', possible loss of data
C:\Users\sergio\source\repos\game engine\model.h(179,11): warning C4244:  'initializing': conversion from 'double' to 'float', possible loss of data
C:\Users\sergio\source\repos\game engine\model.h(261,9): warning C4101:  'n': unreferenced local variable
C:\Users\sergio\source\repos\game engine\model.h(350,21): warning C4018:  '<': signed/unsigned mismatch
C:\Users\sergio\source\repos\game engine\model.h(375,22): warning C4018:  '<': signed/unsigned mismatch
C:\Users\sergio\source\repos\game engine\model.h(385,1): warning C4305:  'argument': truncation from 'double' to 'float'
C:\Users\sergio\source\repos\game engine\model.h(438,47): warning C4244:  '=': conversion from 'double' to 'float', possible loss of data
C:\Users\sergio\source\repos\game engine\model.h(441,36): warning C4244:  '=': conversion from 'const double' to 'float', possible loss of data
C:\Users\sergio\source\repos\game engine\model.h(442,34): warning C4244:  '=': conversion from 'const double' to 'float', possible loss of data
C:\Users\sergio\source\repos\game engine\model.h(448,1): warning C4305:  'initializing': truncation from 'double' to 'float'
C:\Users\sergio\source\repos\game engine\model.h(496,21): warning C4018:  '<': signed/unsigned mismatch
C:\Users\sergio\source\repos\game engine\model.h(514,21): warning C4018:  '<': signed/unsigned mismatch
C:\Users\sergio\source\repos\game engine\FBO.h(51,1): warning C4267:  'argument': conversion from 'size_t' to 'GLsizei', possible loss of data
C:\Users\sergio\source\repos\game engine\CubeMapGenerator.h(163,26): warning C4244:  'initializing': conversion from 'double' to 'unsigned int', possible loss of data
C:\Users\sergio\source\repos\game engine\CubeMapGenerator.h(164,27): warning C4244:  'initializing': conversion from 'double' to 'unsigned int', possible loss of data
C:\Users\sergio\source\repos\game engine\Material.h(70,1): warning C4267:  'argument': conversion from 'size_t' to 'int', possible loss of data
C:\Users\sergio\source\repos\game engine\SceneLoader.h(120,1): warning C4267:  'initializing': conversion from 'size_t' to 'unsigned int', possible loss of data
C:\Users\sergio\source\repos\game engine\SceneLoader.h(121,1): warning C4267:  'initializing': conversion from 'size_t' to 'unsigned int', possible loss of data
C:\Users\sergio\source\repos\game engine\SceneLoader.h(185,1): warning C4267:  'initializing': conversion from 'size_t' to 'int', possible loss of data
C:\Users\sergio\source\repos\game engine\SceneLoader.h(233,23): warning C4018:  '<': signed/unsigned mismatch
C:\Users\sergio\source\repos\game engine\Scene.h(95,35): warning C4244:  'argument': conversion from 'float' to 'int', possible loss of data
C:\Users\sergio\source\repos\game engine\Scene.h(95,20): warning C4244:  'argument': conversion from 'float' to 'int', possible loss of data
C:\Users\sergio\source\repos\game engine\Scene.h(96,37): warning C4244:  'argument': conversion from 'float' to 'int', possible loss of data
C:\Users\sergio\source\repos\game engine\Scene.h(96,22): warning C4244:  'argument': conversion from 'float' to 'int', possible loss of data
C:\Users\sergio\source\repos\game engine\Scene.h(97,37): warning C4244:  'argument': conversion from 'float' to 'int', possible loss of data
C:\Users\sergio\source\repos\game engine\Scene.h(97,22): warning C4244:  'argument': conversion from 'float' to 'int', possible loss of data
C:\Users\sergio\source\repos\game engine\Scene.h(98,38): warning C4244:  'argument': conversion from 'float' to 'int', possible loss of data
C:\Users\sergio\source\repos\game engine\Scene.h(98,22): warning C4244:  'argument': conversion from 'float' to 'int', possible loss of data
C:\Users\sergio\source\repos\game engine\Scene.h(99,37): warning C4244:  'argument': conversion from 'float' to 'int', possible loss of data
C:\Users\sergio\source\repos\game engine\Scene.h(99,22): warning C4244:  'argument': conversion from 'float' to 'int', possible loss of data
C:\Users\sergio\source\repos\game engine\Scene.h(328,64): warning C4244:  'argument': conversion from 'int' to 'GLfloat', possible loss of data
C:\Users\sergio\source\repos\game engine\Scene.h(329,65): warning C4244:  'argument': conversion from 'int' to 'GLfloat', possible loss of data
C:\Users\sergio\source\repos\game engine\Scene.h(331,22): warning C4244:  'argument': conversion from 'double' to 'float', possible loss of data
C:\Users\sergio\source\repos\game engine\Scene.h(360,1): warning C4267:  'argument': conversion from 'size_t' to 'unsigned int', possible loss of data
C:\Users\sergio\source\repos\game engine\Scene.h(432,29): warning C4244:  'argument': conversion from 'double' to 'GLint', possible loss of data
C:\Users\sergio\source\repos\game engine\Scene.h(432,16): warning C4244:  'argument': conversion from 'double' to 'GLint', possible loss of data
C:\Users\sergio\source\repos\game engine\Action.h(25,15): warning C4244:  'initializing': conversion from 'double' to 'float', possible loss of data
C:\Users\sergio\source\repos\game engine\Action.h(26,15): warning C4244:  'initializing': conversion from 'double' to 'float', possible loss of data
C:\Users\sergio\source\repos\game engine\Action.h(46,1): warning C4244:  '-=': conversion from 'double' to 'T', possible loss of data
C:\Users\sergio\source\repos\game engine\Action.h(46,1): warning C4244:         with
C:\Users\sergio\source\repos\game engine\Action.h(46,1): warning C4244:         [
C:\Users\sergio\source\repos\game engine\Action.h(46,1): warning C4244:             T=float
C:\Users\sergio\source\repos\game engine\Action.h(46,1): warning C4244:         ]
C:\Users\sergio\source\repos\game engine\Action.h(47,1): warning C4244:  '+=': conversion from 'double' to 'T', possible loss of data
C:\Users\sergio\source\repos\game engine\Action.h(47,1): warning C4244:         with
C:\Users\sergio\source\repos\game engine\Action.h(47,1): warning C4244:         [
C:\Users\sergio\source\repos\game engine\Action.h(47,1): warning C4244:             T=float
C:\Users\sergio\source\repos\game engine\Action.h(47,1): warning C4244:         ]
C:\Users\sergio\source\repos\game engine\Action.h(49,1): warning C4244:  '+=': conversion from 'double' to 'T', possible loss of data
C:\Users\sergio\source\repos\game engine\Action.h(49,1): warning C4244:         with
C:\Users\sergio\source\repos\game engine\Action.h(49,1): warning C4244:         [
C:\Users\sergio\source\repos\game engine\Action.h(49,1): warning C4244:             T=float
C:\Users\sergio\source\repos\game engine\Action.h(49,1): warning C4244:         ]
C:\Users\sergio\source\repos\game engine\Action.h(50,1): warning C4244:  '+=': conversion from 'double' to 'T', possible loss of data
C:\Users\sergio\source\repos\game engine\Action.h(50,1): warning C4244:         with
C:\Users\sergio\source\repos\game engine\Action.h(50,1): warning C4244:         [
C:\Users\sergio\source\repos\game engine\Action.h(50,1): warning C4244:             T=float
C:\Users\sergio\source\repos\game engine\Action.h(50,1): warning C4244:         ]
C:\Users\sergio\source\repos\game engine\Action.h(52,1): warning C4244:  '+=': conversion from 'double' to 'T', possible loss of data
C:\Users\sergio\source\repos\game engine\Action.h(52,1): warning C4244:         with
C:\Users\sergio\source\repos\game engine\Action.h(52,1): warning C4244:         [
C:\Users\sergio\source\repos\game engine\Action.h(52,1): warning C4244:             T=float
C:\Users\sergio\source\repos\game engine\Action.h(52,1): warning C4244:         ]
C:\Users\sergio\source\repos\game engine\Action.h(62,1): warning C4244:  '-=': conversion from 'double' to 'T', possible loss of data
C:\Users\sergio\source\repos\game engine\Action.h(62,1): warning C4244:         with
C:\Users\sergio\source\repos\game engine\Action.h(62,1): warning C4244:         [
C:\Users\sergio\source\repos\game engine\Action.h(62,1): warning C4244:             T=float
C:\Users\sergio\source\repos\game engine\Action.h(62,1): warning C4244:         ]
C:\Users\sergio\source\repos\game engine\Action.h(63,1): warning C4244:  '+=': conversion from 'double' to 'T', possible loss of data
C:\Users\sergio\source\repos\game engine\Action.h(63,1): warning C4244:         with
C:\Users\sergio\source\repos\game engine\Action.h(63,1): warning C4244:         [
C:\Users\sergio\source\repos\game engine\Action.h(63,1): warning C4244:             T=float
C:\Users\sergio\source\repos\game engine\Action.h(63,1): warning C4244:         ]
C:\Users\sergio\source\repos\game engine\Action.h(70,1): warning C4244:  '+=': conversion from 'double' to 'T', possible loss of data
C:\Users\sergio\source\repos\game engine\Action.h(70,1): warning C4244:         with
C:\Users\sergio\source\repos\game engine\Action.h(70,1): warning C4244:         [
C:\Users\sergio\source\repos\game engine\Action.h(70,1): warning C4244:             T=float
C:\Users\sergio\source\repos\game engine\Action.h(70,1): warning C4244:         ]
C:\Users\sergio\source\repos\game engine\Action.h(71,1): warning C4244:  '+=': conversion from 'double' to 'T', possible loss of data
C:\Users\sergio\source\repos\game engine\Action.h(71,1): warning C4244:         with
C:\Users\sergio\source\repos\game engine\Action.h(71,1): warning C4244:         [
C:\Users\sergio\source\repos\game engine\Action.h(71,1): warning C4244:             T=float
C:\Users\sergio\source\repos\game engine\Action.h(71,1): warning C4244:         ]
C:\Users\sergio\source\repos\game engine\Action.h(77,1): warning C4244:  '+=': conversion from 'double' to 'T', possible loss of data
C:\Users\sergio\source\repos\game engine\Action.h(77,1): warning C4244:         with
C:\Users\sergio\source\repos\game engine\Action.h(77,1): warning C4244:         [
C:\Users\sergio\source\repos\game engine\Action.h(77,1): warning C4244:             T=float
C:\Users\sergio\source\repos\game engine\Action.h(77,1): warning C4244:         ]
C:\Users\sergio\source\repos\game engine\Action.h(104,1): warning C4244:  '-=': conversion from 'double' to 'T', possible loss of data
C:\Users\sergio\source\repos\game engine\Action.h(104,1): warning C4244:         with
C:\Users\sergio\source\repos\game engine\Action.h(104,1): warning C4244:         [
C:\Users\sergio\source\repos\game engine\Action.h(104,1): warning C4244:             T=float
C:\Users\sergio\source\repos\game engine\Action.h(104,1): warning C4244:         ]
C:\Users\sergio\source\repos\game engine\Action.h(112,1): warning C4244:  '-=': conversion from 'double' to 'T', possible loss of data
C:\Users\sergio\source\repos\game engine\Action.h(112,1): warning C4244:         with
C:\Users\sergio\source\repos\game engine\Action.h(112,1): warning C4244:         [
C:\Users\sergio\source\repos\game engine\Action.h(112,1): warning C4244:             T=float
C:\Users\sergio\source\repos\game engine\Action.h(112,1): warning C4244:         ]
C:\Users\sergio\source\repos\game engine\Action.h(119,1): warning C4244:  '-=': conversion from 'double' to 'T', possible loss of data
C:\Users\sergio\source\repos\game engine\Action.h(119,1): warning C4244:         with
C:\Users\sergio\source\repos\game engine\Action.h(119,1): warning C4244:         [
C:\Users\sergio\source\repos\game engine\Action.h(119,1): warning C4244:             T=float
C:\Users\sergio\source\repos\game engine\Action.h(119,1): warning C4244:         ]
C:\Users\sergio\source\repos\game engine\Gui.h(414,61): warning C4042:  'index': has bad storage class
C:\Users\sergio\source\repos\game engine\Gui.h(507,1): warning C4305:  'argument': truncation from 'double' to 'float'
C:\Users\sergio\source\repos\game engine\Gui.h(508,1): warning C4305:  'argument': truncation from 'double' to 'float'
C:\Users\sergio\source\repos\game engine\Gui.h(509,1): warning C4305:  'argument': truncation from 'double' to 'float'
C:\Users\sergio\source\repos\game engine\Gui.h(542,1): warning C4305:  'argument': truncation from 'double' to 'float'
C:\Users\sergio\source\repos\game engine\Gui.h(543,1): warning C4305:  'argument': truncation from 'double' to 'float'
C:\Users\sergio\source\repos\game engine\Gui.h(544,1): warning C4305:  'argument': truncation from 'double' to 'float'
C:\Users\sergio\source\repos\game engine\Source.cpp(189,23): warning C4244:  'initializing': conversion from 'double' to 'float', possible loss of data
C:\Users\sergio\source\repos\game engine\Source.cpp(194,13): warning C4244:  'initializing': conversion from 'double' to 'float', possible loss of data
C:\Users\sergio\source\repos\game engine\Source.cpp(195,13): warning C4244:  'initializing': conversion from 'double' to 'float', possible loss of data
C:\Users\sergio\source\repos\game engine\Source.cpp(198,12): warning C4244:  'initializing': conversion from 'double' to 'float', possible loss of data
C:\Users\sergio\source\repos\game engine\Source.cpp(105,21): warning C4101:  'nrComponents': unreferenced local variable
C:\Users\sergio\source\repos\game engine\Source.cpp(256,4): warning C4804:  '<=': unsafe use of type 'bool' in operation
C:\Users\sergio\source\repos\game engine\Source.cpp(256,17): warning C4804:  '<=': unsafe use of type 'bool' in operation
C:\Users\sergio\source\repos\game engine\Source.cpp(282,46): warning C4244:  'argument': conversion from 'double' to 'float', possible loss of data
C:\Users\sergio\source\repos\game engine\Source.cpp(282,40): warning C4244:  'argument': conversion from 'double' to 'float', possible loss of data
C:\Users\sergio\source\repos\game engine\Source.cpp(288,11): warning C4244:  '=': conversion from 'double' to 'float', possible loss of data
C:\Users\sergio\source\repos\game engine\Source.cpp(289,11): warning C4244:  '=': conversion from 'double' to 'float', possible loss of data
C:\Users\sergio\source\repos\game engine\Source.cpp(295,16): warning C4244:  'initializing': conversion from 'double' to 'float', possible loss of data
C:\Users\sergio\source\repos\game engine\Source.cpp(296,16): warning C4244:  'initializing': conversion from 'double' to 'float', possible loss of data
C:\Users\sergio\source\repos\game engine\Source.cpp(308,10): warning C4244:  '=': conversion from 'double' to 'float', possible loss of data
C:\Users\sergio\source\repos\game engine\Source.cpp(309,10): warning C4244:  '=': conversion from 'double' to 'float', possible loss of data
C:\Users\sergio\source\repos\game engine\Source.cpp(310,20): warning C4244:  '=': conversion from 'double' to 'float', possible loss of data
C:\Users\sergio\source\repos\game engine\Source.cpp(311,20): warning C4244:  '=': conversion from 'double' to 'float', possible loss of data
C:\Users\sergio\source\repos\game engine\Source.cpp(312,19): warning C4244:  '=': conversion from 'double' to 'float', possible loss of data
C:\Users\sergio\source\repos\game engine\Source.cpp(313,17): warning C4244:  '=': conversion from 'double' to 'float', possible loss of data
C:\Users\sergio\source\repos\game engine\Source.cpp(346,43): warning C4244:  'argument': conversion from 'double' to 'float', possible loss of data
C:\Users\sergio\source\repos\game engine\Source.cpp(346,29): warning C4244:  'argument': conversion from 'double' to 'float', possible loss of data
C:\Users\sergio\source\repos\game engine\Source.cpp(376,28): warning C4244:  'argument': conversion from 'double' to 'float', possible loss of data
  Generating code
  0 of 3313 functions ( 0.0%) were compiled, the rest were copied from previous compilation.
    0 functions were new in current compilation
    0 functions had inline decision re-evaluated but remain unchanged
  Finished generating code
  Animation.vcxproj -> C:\Users\sergio\source\repos\game engine\x64\Release\Engine.exe
