c:\users\sergio\source\repos\game engine\x64\release\vc142.pdb
c:\users\sergio\source\repos\game engine\x64\release\glad.obj
c:\users\sergio\source\repos\game engine\x64\release\source.obj
c:\users\sergio\source\repos\game engine\x64\release\imgui_widgets.obj
c:\users\sergio\source\repos\game engine\x64\release\imgui_impl_opengl3.obj
c:\users\sergio\source\repos\game engine\x64\release\imgui_impl_glfw.obj
c:\users\sergio\source\repos\game engine\x64\release\imgui_draw.obj
c:\users\sergio\source\repos\game engine\x64\release\imgui_demo.obj
c:\users\sergio\source\repos\game engine\x64\release\imgui.obj
c:\users\sergio\source\repos\game engine\x64\release\engine.ipdb
c:\users\sergio\source\repos\game engine\x64\release\engine.iobj
c:\users\sergio\source\repos\game engine\x64\release\engine.exe
c:\users\sergio\source\repos\game engine\x64\release\engine.pdb
c:\users\sergio\source\repos\game engine\x64\release\resource.res
c:\users\sergio\source\repos\game engine\x64\release\engine.tlog\cl.command.1.tlog
c:\users\sergio\source\repos\game engine\x64\release\engine.tlog\cl.read.1.tlog
c:\users\sergio\source\repos\game engine\x64\release\engine.tlog\cl.write.1.tlog
c:\users\sergio\source\repos\game engine\x64\release\engine.tlog\engine.write.1u.tlog
c:\users\sergio\source\repos\game engine\x64\release\engine.tlog\link.command.1.tlog
c:\users\sergio\source\repos\game engine\x64\release\engine.tlog\link.delete.1.tlog
c:\users\sergio\source\repos\game engine\x64\release\engine.tlog\link.read.1.tlog
c:\users\sergio\source\repos\game engine\x64\release\engine.tlog\link.write.1.tlog
c:\users\sergio\source\repos\game engine\x64\release\engine.tlog\rc.command.1.tlog
c:\users\sergio\source\repos\game engine\x64\release\engine.tlog\rc.read.1.tlog
c:\users\sergio\source\repos\game engine\x64\release\engine.tlog\rc.write.1.tlog
