c:\users\sergio\source\repos\game engine\x64\debug\vc142.pdb
c:\users\sergio\source\repos\game engine\x64\debug\vc142.idb
c:\users\sergio\source\repos\game engine\x64\debug\glad.obj
c:\users\sergio\source\repos\game engine\x64\debug\source.obj
c:\users\sergio\source\repos\game engine\x64\debug\imgui_widgets.obj
c:\users\sergio\source\repos\game engine\x64\debug\imgui_stdlib.obj
c:\users\sergio\source\repos\game engine\x64\debug\imgui_impl_opengl3.obj
c:\users\sergio\source\repos\game engine\x64\debug\imgui_impl_glfw.obj
c:\users\sergio\source\repos\game engine\x64\debug\imgui_draw.obj
c:\users\sergio\source\repos\game engine\x64\debug\imgui_demo.obj
c:\users\sergio\source\repos\game engine\x64\debug\imgui.obj
c:\users\sergio\source\repos\game engine\x64\debug\resource.res
c:\users\sergio\source\repos\game engine\x64\debug\engine.pdb
c:\users\sergio\source\repos\game engine\x64\debug\engine.tlog\cl.command.1.tlog
c:\users\sergio\source\repos\game engine\x64\debug\engine.tlog\cl.read.1.tlog
c:\users\sergio\source\repos\game engine\x64\debug\engine.tlog\cl.write.1.tlog
c:\users\sergio\source\repos\game engine\x64\debug\engine.tlog\link-cvtres.read.1.tlog
c:\users\sergio\source\repos\game engine\x64\debug\engine.tlog\link-cvtres.write.1.tlog
c:\users\sergio\source\repos\game engine\x64\debug\engine.tlog\link-rc.read.1.tlog
c:\users\sergio\source\repos\game engine\x64\debug\engine.tlog\link-rc.write.1.tlog
c:\users\sergio\source\repos\game engine\x64\debug\engine.tlog\link.command.1.tlog
c:\users\sergio\source\repos\game engine\x64\debug\engine.tlog\link.read.1.tlog
c:\users\sergio\source\repos\game engine\x64\debug\engine.tlog\link.write.1.tlog
c:\users\sergio\source\repos\game engine\x64\debug\engine.tlog\rc.command.1.tlog
c:\users\sergio\source\repos\game engine\x64\debug\engine.tlog\rc.read.1.tlog
c:\users\sergio\source\repos\game engine\x64\debug\engine.tlog\rc.write.1.tlog
